<?xml version="1.0" encoding="UTF-8"?>
<!-- Generated by org.testng.reporters.JUnitXMLReporter -->
<testsuite ignored="2" hostname="LAPTOP-O67D71SL" failures="0" tests="3" name="Test" time="69.292" errors="0" timestamp="2023-04-20T11:52:14 IST">
  <testcase classname="vTiger.OrganizationsTests.CreateNewOrganizationTest" name="CreateNewOrgTest" time="12.107"/>
  <testcase classname="vTiger.OrganizationsTests.CreateNewOrganizationTest" name="demoOrg" time="0.004"/>
  <testcase classname="vTiger.ContactsTests.CreateContactWithOrganizationTest" name="CreateContactWithOrgTest" time="19.254"/>
  <testcase classname="vTiger.GenericUtilities.BaseClass" name="@BeforeSuite bsConfig" time="0.0">
    <ignored/>
  </testcase> <!-- @BeforeSuite bsConfig -->
  <testcase classname="vTiger.GenericUtilities.BaseClass" name="@AfterSuite asConfig" time="0.0">
    <ignored/>
  </testcase> <!-- @AfterSuite asConfig -->
</testsuite> <!-- Test -->
