<?xml version="1.0" encoding="UTF-8"?>
<testng-results ignored="0" total="1" passed="1" failed="0" skipped="0">
  <reporter-output>
  </reporter-output>
  <suite started-at="2023-04-26T10:08:21 IST" name="Default suite" finished-at="2023-04-26T10:08:21 IST" duration-ms="122">
    <groups>
    </groups>
    <test started-at="2023-04-26T10:08:21 IST" name="Default test" finished-at="2023-04-26T10:08:21 IST" duration-ms="122">
      <class name="vTiger.Practice.ReadDataFromCmdLine">
        <test-method signature="readData()[pri:0, instance:vTiger.Practice.ReadDataFromCmdLine@2667f029]" started-at="2023-04-26T10:08:21 IST" name="readData" finished-at="2023-04-26T10:08:21 IST" duration-ms="35" status="PASS">
          <reporter-output>
          </reporter-output>
        </test-method> <!-- readData -->
      </class> <!-- vTiger.Practice.ReadDataFromCmdLine -->
    </test> <!-- Default test -->
  </suite> <!-- Default suite -->
</testng-results>
